{"target": 1.81, "params": {"alr": 0.04170803025021038, "batch_size": 11.643893921305898, "clip_eps": 0.10002287496346898, "clr": 0.030240233937457662, "depth": 1.1467558908171132, "epoch_steps": 275.4433300607158, "lamb": 0.9393130105688836}, "datetime": {"datetime": "2022-03-27 02:18:25", "elapsed": 0.0, "delta": 0.0}}
{"target": 0.0, "params": {"alr": 0.03456261709703435, "batch_size": 7.761209690768039, "clip_eps": 0.20776334680067138, "clr": 0.041925259495185455, "depth": 1.6852195003967596, "epoch_steps": 488.4592744898831, "lamb": 0.9739058718195472}, "datetime": {"datetime": "2022-03-27 02:28:25", "elapsed": 599.956118, "delta": 599.956118}}
{"target": 210.62, "params": {"alr": 0.002748485443860637, "batch_size": 11.045610122140827, "clip_eps": 0.1834609604734254, "clr": 0.05587339594629072, "depth": 1.1403869385952339, "epoch_steps": 476.3928292612697, "lamb": 0.9700372284337768}, "datetime": {"datetime": "2022-03-27 02:37:03", "elapsed": 1117.808643, "delta": 517.852525}}
{"target": 0.0, "params": {"alr": 0.09682647495618256, "batch_size": 6.761090137910914, "clip_eps": 0.23846452313386282, "clr": 0.08764015133808087, "depth": 1.8946066635038474, "epoch_steps": 261.58400160257804, "lamb": 0.9319527391616441}, "datetime": {"datetime": "2022-03-27 02:42:48", "elapsed": 1462.93295, "delta": 345.124307}}
{"target": 0.0, "params": {"alr": 0.016991343652261244, "batch_size": 13.537710041152957, "clip_eps": 0.11966936676661002, "clr": 0.042116551424255175, "depth": 1.957889530150502, "epoch_steps": 1113.0140414487323, "lamb": 0.9645938556975236}, "datetime": {"datetime": "2022-03-27 03:00:22", "elapsed": 2517.493219, "delta": 1054.560269}}
{"target": 3.69, "params": {"alr": 0.03155840794429624, "batch_size": 11.238011132179004, "clip_eps": 0.26692513437947457, "clr": 0.001838644851645739, "depth": 1.7501443149449676, "epoch_steps": 1978.83606892234, "lamb": 0.9674082827189919}, "datetime": {"datetime": "2022-03-27 03:32:17", "elapsed": 4431.942533, "delta": 1914.449314}}
{"target": 0.03, "params": {"alr": 0.028051594766519874, "batch_size": 12.471351941417861, "clip_eps": 0.12064520131552842, "clr": 0.04479487368232876, "depth": 1.9085955030930957, "epoch_steps": 657.8668819099911, "lamb": 0.9443887669293175}, "datetime": {"datetime": "2022-03-27 03:42:16", "elapsed": 5031.047992, "delta": 599.105459}}
{"target": 0.04, "params": {"alr": 0.013011556926106586, "batch_size": 3.232403494443565, "clip_eps": 0.2357671065879782, "clr": 0.021170695318845904, "depth": 1.2655466593722262, "epoch_steps": 1033.9890026326427, "lamb": 0.932668127255854}, "datetime": {"datetime": "2022-03-27 04:20:09", "elapsed": 7304.510863, "delta": 2273.462871}}
{"target": 1.93, "params": {"alr": 0.057416019373146394, "batch_size": 4.760742898869722, "clip_eps": 0.21786110738065684, "clr": 0.06997883841849291, "depth": 1.1023344288278258, "epoch_steps": 886.7063768571797, "lamb": 0.9647200078863872}, "datetime": {"datetime": "2022-03-27 04:46:30", "elapsed": 8885.278252, "delta": 1580.767389}}
{"target": 0.06, "params": {"alr": 0.041423785159995, "batch_size": 3.599441507353046, "clip_eps": 0.2071792811831023, "clr": 0.06638282657552669, "depth": 1.5148891120583086, "epoch_steps": 1894.7300363825452, "lamb": 0.9593277520250997}, "datetime": {"datetime": "2022-03-27 05:54:56", "elapsed": 12991.483402, "delta": 4106.20515}}
{"target": 0.0, "params": {"alr": 0.09034115750963548, "batch_size": 4.649696449754851, "clip_eps": 0.12785526945015172, "clr": 0.08074105495806529, "depth": 1.3976768369855335, "epoch_steps": 414.1729745221723, "lamb": 0.9763754290198017}, "datetime": {"datetime": "2022-03-27 06:07:14", "elapsed": 13729.05661, "delta": 737.573208}}
{"target": 2.38, "params": {"alr": 0.03478310831595321, "batch_size": 12.009745237633867, "clip_eps": 0.24519959707009029, "clr": 0.08833177605966892, "depth": 1.6236722070556089, "epoch_steps": 1526.7906246519406, "lamb": 0.9474449170988921}, "datetime": {"datetime": "2022-03-27 06:31:48", "elapsed": 15202.983962, "delta": 1473.927352}}
{"target": 1.82, "params": {"alr": 0.02700008989758496, "batch_size": 13.750634618352802, "clip_eps": 0.18561823797425897, "clr": 0.09648435631436708, "depth": 1.663441497818448, "epoch_steps": 1281.2218683973315, "lamb": 0.9357372986476687}, "datetime": {"datetime": "2022-03-27 06:52:19", "elapsed": 16433.82673, "delta": 1230.842768}}
{"target": 0.0, "params": {"alr": 0.09494943097812006, "batch_size": 8.398945601759287, "clip_eps": 0.21567792287742635, "clr": 0.04081959890810051, "depth": 1.2370269802430278, "epoch_steps": 1816.4210890682823, "lamb": 0.9586839743336143}, "datetime": {"datetime": "2022-03-27 07:27:47", "elapsed": 18562.65992, "delta": 2128.83319}}
{"target": 18290.95, "params": {"alr": 0.00029700399984558545, "batch_size": 10.405738963448687, "clip_eps": 0.16532898035441923, "clr": 0.05271053964473836, "depth": 1.8859420993107745, "epoch_steps": 778.8125440047496, "lamb": 0.97542675754599}, "datetime": {"datetime": "2022-03-27 08:32:37", "elapsed": 22452.235301, "delta": 3889.575381}}
{"target": 0.09, "params": {"alr": 0.062339777978022363, "batch_size": 3.1898549141586754, "clip_eps": 0.2858874467487522, "clr": 0.06909278278251722, "depth": 1.9973228504514804, "epoch_steps": 427.4469658561242, "lamb": 0.936856787481444}, "datetime": {"datetime": "2022-03-27 08:48:05", "elapsed": 23380.63032, "delta": 928.395019}}
{"target": 0.0, "params": {"alr": 0.09326022034908599, "batch_size": 11.361817937878802, "clip_eps": 0.1132000345444125, "clr": 0.07554875062972062, "depth": 1.7538761884612464, "epoch_steps": 1853.7466175383183, "lamb": 0.9655762379314236}, "datetime": {"datetime": "2022-03-27 09:18:25", "elapsed": 25200.144663, "delta": 1819.514343}}
{"target": 2.15, "params": {"alr": 0.012435853487596748, "batch_size": 3.238561606077547, "clip_eps": 0.10524219737554386, "clr": 0.002840365737199253, "depth": 1.246211067603046, "epoch_steps": 1734.0531024974873, "lamb": 0.9569415532170826}, "datetime": {"datetime": "2022-03-27 10:24:51", "elapsed": 29186.206095, "delta": 3986.061432}}
{"target": 1.84, "params": {"alr": 0.05528666964878974, "batch_size": 13.104370708315269, "clip_eps": 0.12483466302398223, "clr": 0.027925576064323842, "depth": 1.5857592714582878, "epoch_steps": 1942.2319218073817, "lamb": 0.9580515109627855}, "datetime": {"datetime": "2022-03-27 10:54:27", "elapsed": 30962.071277, "delta": 1775.865182}}
{"target": 5.33, "params": {"alr": 0.001874542464400573, "batch_size": 12.607592072167396, "clip_eps": 0.14659485476820408, "clr": 0.08071244850992174, "depth": 1.3878606440641716, "epoch_steps": 1740.7295236629145, "lamb": 0.9673560821368592}, "datetime": {"datetime": "2022-03-27 11:22:33", "elapsed": 32648.09055, "delta": 1686.019273}}
{"target": 3.81, "params": {"alr": 0.021489066657343063, "batch_size": 11.475556314403605, "clip_eps": 0.1826089125899831, "clr": 0.0026965439922419696, "depth": 1.2415605347416958, "epoch_steps": 778.8405575562984, "lamb": 0.932906091928624}, "datetime": {"datetime": "2022-03-27 11:35:12", "elapsed": 33407.12982, "delta": 759.03927}}
{"target": 0.0, "params": {"alr": 0.07652097444928992, "batch_size": 4.314210296447438, "clip_eps": 0.20439608160774814, "clr": 0.07682634037429772, "depth": 1.6871391732604621, "epoch_steps": 352.664927415265, "lamb": 0.9400962310508966}, "datetime": {"datetime": "2022-03-27 11:45:40", "elapsed": 34035.299475, "delta": 628.169655}}
